[2023-05-07 19:22:22,706] INFO [org.hibernate.Version: 44] HHH000412: Hibernate ORM core version 5.5.6.Final
[2023-05-07 19:22:23,409] INFO [org.hibernate.annotations.common.Version: 56] HCANN000001: Hibernate Commons Annotations {5.1.2.Final}
[2023-05-07 19:22:23,704] WARN [org.hibernate.orm.connections.pooling: 72] HHH10001002: Using Hibernate built-in connection pool (not for production use!)
[2023-05-07 19:22:23,710] INFO [org.hibernate.orm.connections.pooling: 115] HHH10001005: using driver [org.postgresql.Driver] at URL [jdbc:postgresql://localhost:5432/postgres]
[2023-05-07 19:22:23,710] INFO [org.hibernate.orm.connections.pooling: 124] HHH10001001: Connection properties: {password=****, user=postgres}
[2023-05-07 19:22:23,711] INFO [org.hibernate.orm.connections.pooling: 129] HHH10001003: Autocommit mode: false
[2023-05-07 19:22:23,714] INFO [org.hibernate.engine.jdbc.connections.internal.DriverManagerConnectionProviderImpl: 274] HHH000115: Hibernate connection pool size: 20 (min=1)
[2023-05-07 19:22:24,032] INFO [org.hibernate.dialect.Dialect: 175] HHH000400: Using dialect: org.hibernate.dialect.PostgreSQL10Dialect
[2023-05-07 19:22:24,780] INFO [org.hibernate.orm.connections.pooling: 502] HHH10001008: Cleaning up connection pool [jdbc:postgresql://localhost:5432/postgres]
[2023-05-07 19:23:48,528] INFO [org.hibernate.Version: 44] HHH000412: Hibernate ORM core version 5.5.6.Final
[2023-05-07 19:23:48,755] INFO [org.hibernate.annotations.common.Version: 56] HCANN000001: Hibernate Commons Annotations {5.1.2.Final}
[2023-05-07 19:23:48,938] WARN [org.hibernate.engine.jdbc.connections.internal.ConnectionProviderInitiator: 208] HHH000181: No appropriate connection provider encountered, assuming application will be supplying connections
[2023-05-07 19:23:48,940] WARN [org.hibernate.engine.jdbc.env.internal.JdbcEnvironmentInitiator: 133] HHH000342: Could not obtain connection to query metadata
java.lang.UnsupportedOperationException: The application must supply JDBC connections
	at org.hibernate.engine.jdbc.connections.internal.UserSuppliedConnectionProviderImpl.getConnection(UserSuppliedConnectionProviderImpl.java:44)
	at org.hibernate.engine.jdbc.env.internal.JdbcEnvironmentInitiator$ConnectionProviderJdbcConnectionAccess.obtainConnection(JdbcEnvironmentInitiator.java:181)
	at org.hibernate.engine.jdbc.env.internal.JdbcEnvironmentInitiator.initiateService(JdbcEnvironmentInitiator.java:68)
	at org.hibernate.engine.jdbc.env.internal.JdbcEnvironmentInitiator.initiateService(JdbcEnvironmentInitiator.java:35)
	at org.hibernate.boot.registry.internal.StandardServiceRegistryImpl.initiateService(StandardServiceRegistryImpl.java:101)
	at org.hibernate.service.internal.AbstractServiceRegistryImpl.createService(AbstractServiceRegistryImpl.java:263)
	at org.hibernate.service.internal.AbstractServiceRegistryImpl.initializeService(AbstractServiceRegistryImpl.java:237)
	at org.hibernate.service.internal.AbstractServiceRegistryImpl.getService(AbstractServiceRegistryImpl.java:214)
	at org.hibernate.id.factory.internal.DefaultIdentifierGeneratorFactory.injectServices(DefaultIdentifierGeneratorFactory.java:178)
	at org.hibernate.service.internal.AbstractServiceRegistryImpl.injectDependencies(AbstractServiceRegistryImpl.java:286)
	at org.hibernate.service.internal.AbstractServiceRegistryImpl.initializeService(AbstractServiceRegistryImpl.java:243)
	at org.hibernate.service.internal.AbstractServiceRegistryImpl.getService(AbstractServiceRegistryImpl.java:214)
	at org.hibernate.boot.internal.InFlightMetadataCollectorImpl.<init>(InFlightMetadataCollectorImpl.java:176)
	at org.hibernate.boot.model.process.spi.MetadataBuildingProcess.complete(MetadataBuildingProcess.java:127)
	at org.hibernate.boot.model.process.spi.MetadataBuildingProcess.build(MetadataBuildingProcess.java:86)
	at org.hibernate.boot.internal.MetadataBuilderImpl.build(MetadataBuilderImpl.java:479)
	at org.hibernate.boot.internal.MetadataBuilderImpl.build(MetadataBuilderImpl.java:85)
	at org.hibernate.cfg.Configuration.buildSessionFactory(Configuration.java:709)
	at org.hibernate.cfg.Configuration.buildSessionFactory(Configuration.java:744)
	at by.itacademy.hibernate.utils.TestDataImporter.main(TestDataImporter.java:19)
[2023-05-07 19:24:23,824] INFO [org.hibernate.Version: 44] HHH000412: Hibernate ORM core version 5.5.6.Final
[2023-05-07 19:24:24,066] INFO [org.hibernate.annotations.common.Version: 56] HCANN000001: Hibernate Commons Annotations {5.1.2.Final}
[2023-05-07 19:24:24,255] WARN [org.hibernate.engine.jdbc.connections.internal.ConnectionProviderInitiator: 208] HHH000181: No appropriate connection provider encountered, assuming application will be supplying connections
[2023-05-07 19:24:24,257] WARN [org.hibernate.engine.jdbc.env.internal.JdbcEnvironmentInitiator: 133] HHH000342: Could not obtain connection to query metadata
java.lang.UnsupportedOperationException: The application must supply JDBC connections
	at org.hibernate.engine.jdbc.connections.internal.UserSuppliedConnectionProviderImpl.getConnection(UserSuppliedConnectionProviderImpl.java:44)
	at org.hibernate.engine.jdbc.env.internal.JdbcEnvironmentInitiator$ConnectionProviderJdbcConnectionAccess.obtainConnection(JdbcEnvironmentInitiator.java:181)
	at org.hibernate.engine.jdbc.env.internal.JdbcEnvironmentInitiator.initiateService(JdbcEnvironmentInitiator.java:68)
	at org.hibernate.engine.jdbc.env.internal.JdbcEnvironmentInitiator.initiateService(JdbcEnvironmentInitiator.java:35)
	at org.hibernate.boot.registry.internal.StandardServiceRegistryImpl.initiateService(StandardServiceRegistryImpl.java:101)
	at org.hibernate.service.internal.AbstractServiceRegistryImpl.createService(AbstractServiceRegistryImpl.java:263)
	at org.hibernate.service.internal.AbstractServiceRegistryImpl.initializeService(AbstractServiceRegistryImpl.java:237)
	at org.hibernate.service.internal.AbstractServiceRegistryImpl.getService(AbstractServiceRegistryImpl.java:214)
	at org.hibernate.id.factory.internal.DefaultIdentifierGeneratorFactory.injectServices(DefaultIdentifierGeneratorFactory.java:178)
	at org.hibernate.service.internal.AbstractServiceRegistryImpl.injectDependencies(AbstractServiceRegistryImpl.java:286)
	at org.hibernate.service.internal.AbstractServiceRegistryImpl.initializeService(AbstractServiceRegistryImpl.java:243)
	at org.hibernate.service.internal.AbstractServiceRegistryImpl.getService(AbstractServiceRegistryImpl.java:214)
	at org.hibernate.boot.internal.InFlightMetadataCollectorImpl.<init>(InFlightMetadataCollectorImpl.java:176)
	at org.hibernate.boot.model.process.spi.MetadataBuildingProcess.complete(MetadataBuildingProcess.java:127)
	at org.hibernate.boot.model.process.spi.MetadataBuildingProcess.build(MetadataBuildingProcess.java:86)
	at org.hibernate.boot.internal.MetadataBuilderImpl.build(MetadataBuilderImpl.java:479)
	at org.hibernate.boot.internal.MetadataBuilderImpl.build(MetadataBuilderImpl.java:85)
	at org.hibernate.cfg.Configuration.buildSessionFactory(Configuration.java:709)
	at org.hibernate.cfg.Configuration.buildSessionFactory(Configuration.java:744)
	at by.itacademy.hibernate.utils.TestDataImporter.main(TestDataImporter.java:19)
[2023-05-07 19:24:46,395] INFO [org.hibernate.Version: 44] HHH000412: Hibernate ORM core version 5.5.6.Final
[2023-05-07 19:24:46,896] INFO [org.hibernate.annotations.common.Version: 56] HCANN000001: Hibernate Commons Annotations {5.1.2.Final}
[2023-05-07 19:24:47,093] WARN [org.hibernate.orm.connections.pooling: 72] HHH10001002: Using Hibernate built-in connection pool (not for production use!)
[2023-05-07 19:24:47,097] INFO [org.hibernate.orm.connections.pooling: 115] HHH10001005: using driver [org.postgresql.Driver] at URL [jdbc:postgresql://localhost:5432/postgres]
[2023-05-07 19:24:47,098] INFO [org.hibernate.orm.connections.pooling: 124] HHH10001001: Connection properties: {password=****, user=postgres}
[2023-05-07 19:24:47,099] INFO [org.hibernate.orm.connections.pooling: 129] HHH10001003: Autocommit mode: false
[2023-05-07 19:24:47,103] INFO [org.hibernate.engine.jdbc.connections.internal.DriverManagerConnectionProviderImpl: 274] HHH000115: Hibernate connection pool size: 20 (min=1)
[2023-05-07 19:24:47,361] INFO [org.hibernate.dialect.Dialect: 175] HHH000400: Using dialect: org.hibernate.dialect.PostgreSQL10Dialect
[2023-05-07 19:24:48,119] INFO [org.hibernate.orm.connections.pooling: 502] HHH10001008: Cleaning up connection pool [jdbc:postgresql://localhost:5432/postgres]
[2023-05-07 19:25:01,532] INFO [org.hibernate.Version: 44] HHH000412: Hibernate ORM core version 5.5.6.Final
[2023-05-07 19:25:02,024] INFO [org.hibernate.annotations.common.Version: 56] HCANN000001: Hibernate Commons Annotations {5.1.2.Final}
[2023-05-07 19:25:02,212] WARN [org.hibernate.orm.connections.pooling: 72] HHH10001002: Using Hibernate built-in connection pool (not for production use!)
[2023-05-07 19:25:02,217] INFO [org.hibernate.orm.connections.pooling: 115] HHH10001005: using driver [org.postgresql.Driver] at URL [jdbc:postgresql://localhost:5432/postgres]
[2023-05-07 19:25:02,218] INFO [org.hibernate.orm.connections.pooling: 124] HHH10001001: Connection properties: {password=****, user=postgres}
[2023-05-07 19:25:02,218] INFO [org.hibernate.orm.connections.pooling: 129] HHH10001003: Autocommit mode: false
[2023-05-07 19:25:02,221] INFO [org.hibernate.engine.jdbc.connections.internal.DriverManagerConnectionProviderImpl: 274] HHH000115: Hibernate connection pool size: 20 (min=1)
[2023-05-07 19:25:02,487] INFO [org.hibernate.dialect.Dialect: 175] HHH000400: Using dialect: org.hibernate.dialect.PostgreSQL10Dialect
[2023-05-07 19:25:03,204] INFO [org.hibernate.orm.connections.pooling: 502] HHH10001008: Cleaning up connection pool [jdbc:postgresql://localhost:5432/postgres]
[2023-05-07 19:25:39,004] INFO [org.hibernate.Version: 44] HHH000412: Hibernate ORM core version 5.5.6.Final
[2023-05-07 19:25:39,551] INFO [org.hibernate.annotations.common.Version: 56] HCANN000001: Hibernate Commons Annotations {5.1.2.Final}
[2023-05-07 19:25:39,770] WARN [org.hibernate.orm.connections.pooling: 72] HHH10001002: Using Hibernate built-in connection pool (not for production use!)
[2023-05-07 19:25:39,774] INFO [org.hibernate.orm.connections.pooling: 115] HHH10001005: using driver [org.postgresql.Driver] at URL [jdbc:postgresql://localhost:5432/postgres]
[2023-05-07 19:25:39,775] INFO [org.hibernate.orm.connections.pooling: 124] HHH10001001: Connection properties: {password=****, user=postgres}
[2023-05-07 19:25:39,775] INFO [org.hibernate.orm.connections.pooling: 129] HHH10001003: Autocommit mode: false
[2023-05-07 19:25:39,778] INFO [org.hibernate.engine.jdbc.connections.internal.DriverManagerConnectionProviderImpl: 274] HHH000115: Hibernate connection pool size: 20 (min=1)
[2023-05-07 19:25:40,056] INFO [org.hibernate.dialect.Dialect: 175] HHH000400: Using dialect: org.hibernate.dialect.PostgreSQL10Dialect
[2023-05-07 19:25:40,894] INFO [org.hibernate.orm.connections.access: 48] HHH10001501: Connection obtained from JdbcConnectionAccess [org.hibernate.engine.jdbc.env.internal.JdbcEnvironmentInitiator$ConnectionProviderJdbcConnectionAccess@902fdbe] for (non-JTA) DDL execution was not in auto-commit mode; the Connection 'local transaction' will be committed and the Connection will be set into auto-commit mode.
[2023-05-07 19:25:40,906] WARN [org.hibernate.engine.jdbc.spi.SqlExceptionHelper: 230] SQL Warning Code: 0, SQLState: 00000
[2023-05-07 19:25:40,906] WARN [org.hibernate.engine.jdbc.spi.SqlExceptionHelper: 231] отношение "profile" не существует, пропускается
[2023-05-07 19:25:40,911] WARN [org.hibernate.engine.jdbc.spi.SqlExceptionHelper: 230] SQL Warning Code: 0, SQLState: 00000
[2023-05-07 19:25:40,912] WARN [org.hibernate.engine.jdbc.spi.SqlExceptionHelper: 231] ограничение "fkbwv4uspmyi7xqjwcrgxow361t" в таблице "users" не существует, пропускается
[2023-05-07 19:25:40,913] WARN [org.hibernate.engine.jdbc.spi.SqlExceptionHelper: 230] SQL Warning Code: 0, SQLState: 00000
[2023-05-07 19:25:40,913] WARN [org.hibernate.engine.jdbc.spi.SqlExceptionHelper: 231] отношение "users_chat" не существует, пропускается
[2023-05-07 19:25:40,914] WARN [org.hibernate.engine.jdbc.spi.SqlExceptionHelper: 230] SQL Warning Code: 0, SQLState: 00000
[2023-05-07 19:25:40,914] WARN [org.hibernate.engine.jdbc.spi.SqlExceptionHelper: 231] отношение "users_chat" не существует, пропускается
[2023-05-07 19:25:40,916] WARN [org.hibernate.engine.jdbc.spi.SqlExceptionHelper: 230] SQL Warning Code: 0, SQLState: 00000
[2023-05-07 19:25:40,917] WARN [org.hibernate.engine.jdbc.spi.SqlExceptionHelper: 231] таблица "chat" не существует, пропускается
[2023-05-07 19:25:40,918] WARN [org.hibernate.engine.jdbc.spi.SqlExceptionHelper: 230] SQL Warning Code: 0, SQLState: 00000
[2023-05-07 19:25:40,918] WARN [org.hibernate.engine.jdbc.spi.SqlExceptionHelper: 231] таблица "profile" не существует, пропускается
[2023-05-07 19:25:40,946] WARN [org.hibernate.engine.jdbc.spi.SqlExceptionHelper: 230] SQL Warning Code: 0, SQLState: 00000
[2023-05-07 19:25:40,946] WARN [org.hibernate.engine.jdbc.spi.SqlExceptionHelper: 231] таблица "users_chat" не существует, пропускается
[2023-05-07 19:25:40,947] WARN [org.hibernate.engine.jdbc.spi.SqlExceptionHelper: 230] SQL Warning Code: 0, SQLState: 00000
[2023-05-07 19:25:40,948] WARN [org.hibernate.engine.jdbc.spi.SqlExceptionHelper: 231] отношение "payment" не существует, пропускается
[2023-05-07 19:25:40,949] WARN [org.hibernate.engine.jdbc.spi.SqlExceptionHelper: 230] SQL Warning Code: 0, SQLState: 00000
[2023-05-07 19:25:40,949] WARN [org.hibernate.engine.jdbc.spi.SqlExceptionHelper: 231] таблица "company" не существует, пропускается
[2023-05-07 19:25:40,950] WARN [org.hibernate.engine.jdbc.spi.SqlExceptionHelper: 230] SQL Warning Code: 0, SQLState: 00000
[2023-05-07 19:25:40,950] WARN [org.hibernate.engine.jdbc.spi.SqlExceptionHelper: 231] таблица "payment" не существует, пропускается
[2023-05-07 19:25:40,955] INFO [org.hibernate.orm.connections.access: 48] HHH10001501: Connection obtained from JdbcConnectionAccess [org.hibernate.engine.jdbc.env.internal.JdbcEnvironmentInitiator$ConnectionProviderJdbcConnectionAccess@515b9d4a] for (non-JTA) DDL execution was not in auto-commit mode; the Connection 'local transaction' will be committed and the Connection will be set into auto-commit mode.
[2023-05-07 19:25:41,022] INFO [org.hibernate.engine.transaction.jta.platform.internal.JtaPlatformInitiator: 52] HHH000490: Using JtaPlatform implementation: [org.hibernate.engine.transaction.jta.platform.internal.NoJtaPlatform]
[2023-05-07 19:25:41,336] INFO [org.hibernate.orm.connections.pooling: 502] HHH10001008: Cleaning up connection pool [jdbc:postgresql://localhost:5432/postgres]
[2023-05-07 19:29:36,049] INFO [org.hibernate.Version: 44] HHH000412: Hibernate ORM core version 5.5.6.Final
[2023-05-07 19:29:36,693] INFO [org.hibernate.annotations.common.Version: 56] HCANN000001: Hibernate Commons Annotations {5.1.2.Final}
[2023-05-07 19:29:36,916] WARN [org.hibernate.orm.connections.pooling: 72] HHH10001002: Using Hibernate built-in connection pool (not for production use!)
[2023-05-07 19:29:36,923] INFO [org.hibernate.orm.connections.pooling: 115] HHH10001005: using driver [org.postgresql.Driver] at URL [jdbc:postgresql://localhost:5432/postgres]
[2023-05-07 19:29:36,923] INFO [org.hibernate.orm.connections.pooling: 124] HHH10001001: Connection properties: {password=****, user=postgres}
[2023-05-07 19:29:36,923] INFO [org.hibernate.orm.connections.pooling: 129] HHH10001003: Autocommit mode: false
[2023-05-07 19:29:36,927] INFO [org.hibernate.engine.jdbc.connections.internal.DriverManagerConnectionProviderImpl: 274] HHH000115: Hibernate connection pool size: 20 (min=1)
[2023-05-07 19:29:37,254] INFO [org.hibernate.dialect.Dialect: 175] HHH000400: Using dialect: org.hibernate.dialect.PostgreSQL10Dialect
[2023-05-07 19:29:38,255] INFO [org.hibernate.orm.connections.access: 48] HHH10001501: Connection obtained from JdbcConnectionAccess [org.hibernate.engine.jdbc.env.internal.JdbcEnvironmentInitiator$ConnectionProviderJdbcConnectionAccess@1e3f0aea] for (non-JTA) DDL execution was not in auto-commit mode; the Connection 'local transaction' will be committed and the Connection will be set into auto-commit mode.
[2023-05-07 19:29:38,282] WARN [org.hibernate.engine.jdbc.spi.SqlExceptionHelper: 230] SQL Warning Code: 0, SQLState: 00000
[2023-05-07 19:29:38,283] WARN [org.hibernate.engine.jdbc.spi.SqlExceptionHelper: 231] удаление распространяется на объект ограничение fkb2u6muqxjvdfbib5u91afawcy в отношении таблица payment
[2023-05-07 19:29:38,288] WARN [org.hibernate.engine.jdbc.spi.SqlExceptionHelper: 230] SQL Warning Code: 0, SQLState: 00000
[2023-05-07 19:29:38,288] WARN [org.hibernate.engine.jdbc.spi.SqlExceptionHelper: 231] ограничение "fkb2u6muqxjvdfbib5u91afawcy" в таблице "payment" не существует, пропускается
[2023-05-07 19:29:38,300] INFO [org.hibernate.orm.connections.access: 48] HHH10001501: Connection obtained from JdbcConnectionAccess [org.hibernate.engine.jdbc.env.internal.JdbcEnvironmentInitiator$ConnectionProviderJdbcConnectionAccess@1a1ccaaf] for (non-JTA) DDL execution was not in auto-commit mode; the Connection 'local transaction' will be committed and the Connection will be set into auto-commit mode.
[2023-05-07 19:29:38,386] INFO [org.hibernate.engine.transaction.jta.platform.internal.JtaPlatformInitiator: 52] HHH000490: Using JtaPlatform implementation: [org.hibernate.engine.transaction.jta.platform.internal.NoJtaPlatform]
[2023-05-07 19:29:38,593] WARN [org.hibernate.engine.jdbc.spi.SqlExceptionHelper: 137] SQL Error: 0, SQLState: 23505
[2023-05-07 19:29:38,593] ERROR [org.hibernate.engine.jdbc.spi.SqlExceptionHelper: 142] ОШИБКА: повторяющееся значение ключа нарушает ограничение уникальности "uk_niu8sfil2gxywcru9ah3r4ec5"
  Подробности: Ключ "(name)=(Microsoft)" уже существует.
[2023-05-07 19:29:38,615] INFO [org.hibernate.orm.connections.pooling: 502] HHH10001008: Cleaning up connection pool [jdbc:postgresql://localhost:5432/postgres]
[2023-05-07 19:42:22,461] INFO [org.hibernate.Version: 44] HHH000412: Hibernate ORM core version 5.5.6.Final
[2023-05-07 19:42:22,980] INFO [org.hibernate.annotations.common.Version: 56] HCANN000001: Hibernate Commons Annotations {5.1.2.Final}
[2023-05-07 19:42:23,211] WARN [org.hibernate.orm.connections.pooling: 72] HHH10001002: Using Hibernate built-in connection pool (not for production use!)
[2023-05-07 19:42:23,216] INFO [org.hibernate.orm.connections.pooling: 115] HHH10001005: using driver [org.postgresql.Driver] at URL [jdbc:postgresql://localhost:5432/postgres]
[2023-05-07 19:42:23,217] INFO [org.hibernate.orm.connections.pooling: 124] HHH10001001: Connection properties: {password=****, user=postgres}
[2023-05-07 19:42:23,218] INFO [org.hibernate.orm.connections.pooling: 129] HHH10001003: Autocommit mode: false
[2023-05-07 19:42:23,221] INFO [org.hibernate.engine.jdbc.connections.internal.DriverManagerConnectionProviderImpl: 274] HHH000115: Hibernate connection pool size: 20 (min=1)
[2023-05-07 19:42:23,506] INFO [org.hibernate.dialect.Dialect: 175] HHH000400: Using dialect: org.hibernate.dialect.PostgreSQL10Dialect
[2023-05-07 19:42:24,287] INFO [org.hibernate.orm.connections.access: 48] HHH10001501: Connection obtained from JdbcConnectionAccess [org.hibernate.engine.jdbc.env.internal.JdbcEnvironmentInitiator$ConnectionProviderJdbcConnectionAccess@2d7637e6] for (non-JTA) DDL execution was not in auto-commit mode; the Connection 'local transaction' will be committed and the Connection will be set into auto-commit mode.
[2023-05-07 19:42:24,314] WARN [org.hibernate.engine.jdbc.spi.SqlExceptionHelper: 230] SQL Warning Code: 0, SQLState: 00000
[2023-05-07 19:42:24,314] WARN [org.hibernate.engine.jdbc.spi.SqlExceptionHelper: 231] удаление распространяется на объект ограничение fkb2u6muqxjvdfbib5u91afawcy в отношении таблица payment
[2023-05-07 19:42:24,318] WARN [org.hibernate.engine.jdbc.spi.SqlExceptionHelper: 230] SQL Warning Code: 0, SQLState: 00000
[2023-05-07 19:42:24,319] WARN [org.hibernate.engine.jdbc.spi.SqlExceptionHelper: 231] ограничение "fkb2u6muqxjvdfbib5u91afawcy" в таблице "payment" не существует, пропускается
[2023-05-07 19:42:24,329] INFO [org.hibernate.orm.connections.access: 48] HHH10001501: Connection obtained from JdbcConnectionAccess [org.hibernate.engine.jdbc.env.internal.JdbcEnvironmentInitiator$ConnectionProviderJdbcConnectionAccess@7fbd3e75] for (non-JTA) DDL execution was not in auto-commit mode; the Connection 'local transaction' will be committed and the Connection will be set into auto-commit mode.
[2023-05-07 19:42:24,415] INFO [org.hibernate.engine.transaction.jta.platform.internal.JtaPlatformInitiator: 52] HHH000490: Using JtaPlatform implementation: [org.hibernate.engine.transaction.jta.platform.internal.NoJtaPlatform]
[2023-05-07 19:42:24,695] INFO [org.hibernate.orm.connections.pooling: 502] HHH10001008: Cleaning up connection pool [jdbc:postgresql://localhost:5432/postgres]
[2023-05-07 19:42:47,147] INFO [org.hibernate.Version: 44] HHH000412: Hibernate ORM core version 5.5.6.Final
[2023-05-07 19:42:47,767] INFO [org.hibernate.annotations.common.Version: 56] HCANN000001: Hibernate Commons Annotations {5.1.2.Final}
[2023-05-07 19:42:48,004] WARN [org.hibernate.orm.connections.pooling: 72] HHH10001002: Using Hibernate built-in connection pool (not for production use!)
[2023-05-07 19:42:48,010] INFO [org.hibernate.orm.connections.pooling: 115] HHH10001005: using driver [org.postgresql.Driver] at URL [jdbc:postgresql://localhost:5432/postgres]
[2023-05-07 19:42:48,010] INFO [org.hibernate.orm.connections.pooling: 124] HHH10001001: Connection properties: {password=****, user=postgres}
[2023-05-07 19:42:48,011] INFO [org.hibernate.orm.connections.pooling: 129] HHH10001003: Autocommit mode: false
[2023-05-07 19:42:48,014] INFO [org.hibernate.engine.jdbc.connections.internal.DriverManagerConnectionProviderImpl: 274] HHH000115: Hibernate connection pool size: 20 (min=1)
[2023-05-07 19:42:48,392] INFO [org.hibernate.dialect.Dialect: 175] HHH000400: Using dialect: org.hibernate.dialect.PostgreSQL10Dialect
[2023-05-07 19:42:49,231] INFO [org.hibernate.engine.transaction.jta.platform.internal.JtaPlatformInitiator: 52] HHH000490: Using JtaPlatform implementation: [org.hibernate.engine.transaction.jta.platform.internal.NoJtaPlatform]
[2023-05-07 19:42:49,353] WARN [org.hibernate.engine.jdbc.spi.SqlExceptionHelper: 137] SQL Error: 0, SQLState: 23505
[2023-05-07 19:42:49,354] ERROR [org.hibernate.engine.jdbc.spi.SqlExceptionHelper: 142] ОШИБКА: повторяющееся значение ключа нарушает ограничение уникальности "uk_niu8sfil2gxywcru9ah3r4ec5"
  Подробности: Ключ "(name)=(Microsoft)" уже существует.
[2023-05-07 19:42:49,361] INFO [org.hibernate.orm.connections.pooling: 502] HHH10001008: Cleaning up connection pool [jdbc:postgresql://localhost:5432/postgres]
[2023-05-07 19:46:19,551] INFO [org.hibernate.Version: 44] HHH000412: Hibernate ORM core version 5.5.6.Final
[2023-05-07 19:46:20,120] INFO [org.hibernate.annotations.common.Version: 56] HCANN000001: Hibernate Commons Annotations {5.1.2.Final}
[2023-05-07 19:46:20,363] WARN [org.hibernate.orm.connections.pooling: 72] HHH10001002: Using Hibernate built-in connection pool (not for production use!)
[2023-05-07 19:46:20,371] INFO [org.hibernate.orm.connections.pooling: 115] HHH10001005: using driver [org.postgresql.Driver] at URL [jdbc:postgresql://localhost:5432/postgres]
[2023-05-07 19:46:20,372] INFO [org.hibernate.orm.connections.pooling: 124] HHH10001001: Connection properties: {password=****, user=postgres}
[2023-05-07 19:46:20,374] INFO [org.hibernate.orm.connections.pooling: 129] HHH10001003: Autocommit mode: false
[2023-05-07 19:46:20,378] INFO [org.hibernate.engine.jdbc.connections.internal.DriverManagerConnectionProviderImpl: 274] HHH000115: Hibernate connection pool size: 20 (min=1)
[2023-05-07 19:46:20,878] INFO [org.hibernate.dialect.Dialect: 175] HHH000400: Using dialect: org.hibernate.dialect.PostgreSQL10Dialect
[2023-05-07 19:46:21,706] INFO [org.hibernate.engine.transaction.jta.platform.internal.JtaPlatformInitiator: 52] HHH000490: Using JtaPlatform implementation: [org.hibernate.engine.transaction.jta.platform.internal.NoJtaPlatform]
[2023-05-07 19:46:21,824] WARN [org.hibernate.engine.jdbc.spi.SqlExceptionHelper: 137] SQL Error: 0, SQLState: 23505
[2023-05-07 19:46:21,824] ERROR [org.hibernate.engine.jdbc.spi.SqlExceptionHelper: 142] ОШИБКА: повторяющееся значение ключа нарушает ограничение уникальности "uk_niu8sfil2gxywcru9ah3r4ec5"
  Подробности: Ключ "(name)=(Microsoft)" уже существует.
[2023-05-07 19:46:21,832] INFO [org.hibernate.orm.connections.pooling: 502] HHH10001008: Cleaning up connection pool [jdbc:postgresql://localhost:5432/postgres]
[2023-05-07 19:50:31,990] INFO [org.hibernate.Version: 44] HHH000412: Hibernate ORM core version 5.5.6.Final
[2023-05-07 19:50:32,523] INFO [org.hibernate.annotations.common.Version: 56] HCANN000001: Hibernate Commons Annotations {5.1.2.Final}
[2023-05-07 19:50:32,738] WARN [org.hibernate.orm.connections.pooling: 72] HHH10001002: Using Hibernate built-in connection pool (not for production use!)
[2023-05-07 19:50:32,743] INFO [org.hibernate.orm.connections.pooling: 115] HHH10001005: using driver [org.postgresql.Driver] at URL [jdbc:postgresql://localhost:5432/postgres]
[2023-05-07 19:50:32,744] INFO [org.hibernate.orm.connections.pooling: 124] HHH10001001: Connection properties: {password=****, user=postgres}
[2023-05-07 19:50:32,744] INFO [org.hibernate.orm.connections.pooling: 129] HHH10001003: Autocommit mode: false
[2023-05-07 19:50:32,747] INFO [org.hibernate.engine.jdbc.connections.internal.DriverManagerConnectionProviderImpl: 274] HHH000115: Hibernate connection pool size: 20 (min=1)
[2023-05-07 19:50:32,987] INFO [org.hibernate.dialect.Dialect: 175] HHH000400: Using dialect: org.hibernate.dialect.PostgreSQL10Dialect
[2023-05-07 19:50:33,824] INFO [org.hibernate.engine.transaction.jta.platform.internal.JtaPlatformInitiator: 52] HHH000490: Using JtaPlatform implementation: [org.hibernate.engine.transaction.jta.platform.internal.NoJtaPlatform]
[2023-05-07 19:50:33,932] WARN [org.hibernate.engine.jdbc.spi.SqlExceptionHelper: 137] SQL Error: 0, SQLState: 23505
[2023-05-07 19:50:33,932] ERROR [org.hibernate.engine.jdbc.spi.SqlExceptionHelper: 142] ОШИБКА: повторяющееся значение ключа нарушает ограничение уникальности "uk_niu8sfil2gxywcru9ah3r4ec5"
  Подробности: Ключ "(name)=(Microsoft)" уже существует.
[2023-05-07 19:50:33,941] INFO [org.hibernate.orm.connections.pooling: 502] HHH10001008: Cleaning up connection pool [jdbc:postgresql://localhost:5432/postgres]
[2023-05-07 19:53:01,151] INFO [org.hibernate.Version: 44] HHH000412: Hibernate ORM core version 5.5.6.Final
[2023-05-07 19:53:01,747] INFO [org.hibernate.annotations.common.Version: 56] HCANN000001: Hibernate Commons Annotations {5.1.2.Final}
[2023-05-07 19:53:01,949] WARN [org.hibernate.orm.connections.pooling: 72] HHH10001002: Using Hibernate built-in connection pool (not for production use!)
[2023-05-07 19:53:01,955] INFO [org.hibernate.orm.connections.pooling: 115] HHH10001005: using driver [org.postgresql.Driver] at URL [jdbc:postgresql://localhost:5432/postgres]
[2023-05-07 19:53:01,956] INFO [org.hibernate.orm.connections.pooling: 124] HHH10001001: Connection properties: {password=****, user=postgres}
[2023-05-07 19:53:01,956] INFO [org.hibernate.orm.connections.pooling: 129] HHH10001003: Autocommit mode: false
[2023-05-07 19:53:01,959] INFO [org.hibernate.engine.jdbc.connections.internal.DriverManagerConnectionProviderImpl: 274] HHH000115: Hibernate connection pool size: 20 (min=1)
[2023-05-07 19:53:02,213] INFO [org.hibernate.dialect.Dialect: 175] HHH000400: Using dialect: org.hibernate.dialect.PostgreSQL10Dialect
[2023-05-07 19:53:03,070] INFO [org.hibernate.engine.transaction.jta.platform.internal.JtaPlatformInitiator: 52] HHH000490: Using JtaPlatform implementation: [org.hibernate.engine.transaction.jta.platform.internal.NoJtaPlatform]
[2023-05-07 19:53:03,186] WARN [org.hibernate.engine.jdbc.spi.SqlExceptionHelper: 137] SQL Error: 0, SQLState: 23505
[2023-05-07 19:53:03,187] ERROR [org.hibernate.engine.jdbc.spi.SqlExceptionHelper: 142] ОШИБКА: повторяющееся значение ключа нарушает ограничение уникальности "uk_niu8sfil2gxywcru9ah3r4ec5"
  Подробности: Ключ "(name)=(Microsoft)" уже существует.
[2023-05-07 19:53:03,195] INFO [org.hibernate.orm.connections.pooling: 502] HHH10001008: Cleaning up connection pool [jdbc:postgresql://localhost:5432/postgres]
[2023-05-07 19:54:12,226] INFO [org.hibernate.Version: 44] HHH000412: Hibernate ORM core version 5.5.6.Final
[2023-05-07 19:54:12,780] INFO [org.hibernate.annotations.common.Version: 56] HCANN000001: Hibernate Commons Annotations {5.1.2.Final}
[2023-05-07 19:54:12,989] WARN [org.hibernate.orm.connections.pooling: 72] HHH10001002: Using Hibernate built-in connection pool (not for production use!)
[2023-05-07 19:54:12,995] INFO [org.hibernate.orm.connections.pooling: 115] HHH10001005: using driver [org.postgresql.Driver] at URL [jdbc:postgresql://localhost:5432/postgres]
[2023-05-07 19:54:12,995] INFO [org.hibernate.orm.connections.pooling: 124] HHH10001001: Connection properties: {password=****, user=postgres}
[2023-05-07 19:54:12,995] INFO [org.hibernate.orm.connections.pooling: 129] HHH10001003: Autocommit mode: false
[2023-05-07 19:54:12,999] INFO [org.hibernate.engine.jdbc.connections.internal.DriverManagerConnectionProviderImpl: 274] HHH000115: Hibernate connection pool size: 20 (min=1)
[2023-05-07 19:54:13,260] INFO [org.hibernate.dialect.Dialect: 175] HHH000400: Using dialect: org.hibernate.dialect.PostgreSQL10Dialect
[2023-05-07 19:54:14,095] INFO [org.hibernate.engine.transaction.jta.platform.internal.JtaPlatformInitiator: 52] HHH000490: Using JtaPlatform implementation: [org.hibernate.engine.transaction.jta.platform.internal.NoJtaPlatform]
[2023-05-07 19:54:14,208] WARN [org.hibernate.engine.jdbc.spi.SqlExceptionHelper: 137] SQL Error: 0, SQLState: 23505
[2023-05-07 19:54:14,208] ERROR [org.hibernate.engine.jdbc.spi.SqlExceptionHelper: 142] ОШИБКА: повторяющееся значение ключа нарушает ограничение уникальности "uk_niu8sfil2gxywcru9ah3r4ec5"
  Подробности: Ключ "(name)=(Microsoft)" уже существует.
[2023-05-07 19:54:14,216] INFO [org.hibernate.orm.connections.pooling: 502] HHH10001008: Cleaning up connection pool [jdbc:postgresql://localhost:5432/postgres]
[2023-05-07 19:54:45,489] INFO [org.hibernate.Version: 44] HHH000412: Hibernate ORM core version 5.5.6.Final
[2023-05-07 19:54:46,037] INFO [org.hibernate.annotations.common.Version: 56] HCANN000001: Hibernate Commons Annotations {5.1.2.Final}
[2023-05-07 19:54:46,249] WARN [org.hibernate.orm.connections.pooling: 72] HHH10001002: Using Hibernate built-in connection pool (not for production use!)
[2023-05-07 19:54:46,255] INFO [org.hibernate.orm.connections.pooling: 115] HHH10001005: using driver [org.postgresql.Driver] at URL [jdbc:postgresql://localhost:5432/postgres]
[2023-05-07 19:54:46,255] INFO [org.hibernate.orm.connections.pooling: 124] HHH10001001: Connection properties: {password=****, user=postgres}
[2023-05-07 19:54:46,255] INFO [org.hibernate.orm.connections.pooling: 129] HHH10001003: Autocommit mode: false
[2023-05-07 19:54:46,258] INFO [org.hibernate.engine.jdbc.connections.internal.DriverManagerConnectionProviderImpl: 274] HHH000115: Hibernate connection pool size: 20 (min=1)
[2023-05-07 19:54:46,586] INFO [org.hibernate.dialect.Dialect: 175] HHH000400: Using dialect: org.hibernate.dialect.PostgreSQL10Dialect
[2023-05-07 19:54:47,509] INFO [org.hibernate.engine.transaction.jta.platform.internal.JtaPlatformInitiator: 52] HHH000490: Using JtaPlatform implementation: [org.hibernate.engine.transaction.jta.platform.internal.NoJtaPlatform]
[2023-05-07 19:54:47,640] WARN [org.hibernate.engine.jdbc.spi.SqlExceptionHelper: 137] SQL Error: 0, SQLState: 23505
[2023-05-07 19:54:47,640] ERROR [org.hibernate.engine.jdbc.spi.SqlExceptionHelper: 142] ОШИБКА: повторяющееся значение ключа нарушает ограничение уникальности "uk_niu8sfil2gxywcru9ah3r4ec5"
  Подробности: Ключ "(name)=(Microsoft)" уже существует.
[2023-05-07 19:54:47,651] INFO [org.hibernate.orm.connections.pooling: 502] HHH10001008: Cleaning up connection pool [jdbc:postgresql://localhost:5432/postgres]
[2023-05-07 19:55:18,394] INFO [org.hibernate.Version: 44] HHH000412: Hibernate ORM core version 5.5.6.Final
[2023-05-07 19:55:18,956] INFO [org.hibernate.annotations.common.Version: 56] HCANN000001: Hibernate Commons Annotations {5.1.2.Final}
[2023-05-07 19:55:19,151] WARN [org.hibernate.orm.connections.pooling: 72] HHH10001002: Using Hibernate built-in connection pool (not for production use!)
[2023-05-07 19:55:19,155] INFO [org.hibernate.orm.connections.pooling: 115] HHH10001005: using driver [org.postgresql.Driver] at URL [jdbc:postgresql://localhost:5432/postgres]
[2023-05-07 19:55:19,156] INFO [org.hibernate.orm.connections.pooling: 124] HHH10001001: Connection properties: {password=****, user=postgres}
[2023-05-07 19:55:19,156] INFO [org.hibernate.orm.connections.pooling: 129] HHH10001003: Autocommit mode: false
[2023-05-07 19:55:19,159] INFO [org.hibernate.engine.jdbc.connections.internal.DriverManagerConnectionProviderImpl: 274] HHH000115: Hibernate connection pool size: 20 (min=1)
[2023-05-07 19:55:19,443] INFO [org.hibernate.dialect.Dialect: 175] HHH000400: Using dialect: org.hibernate.dialect.PostgreSQL10Dialect
[2023-05-07 19:55:20,290] INFO [org.hibernate.engine.transaction.jta.platform.internal.JtaPlatformInitiator: 52] HHH000490: Using JtaPlatform implementation: [org.hibernate.engine.transaction.jta.platform.internal.NoJtaPlatform]
[2023-05-07 19:55:20,393] WARN [org.hibernate.engine.jdbc.spi.SqlExceptionHelper: 137] SQL Error: 0, SQLState: 23505
[2023-05-07 19:55:20,393] ERROR [org.hibernate.engine.jdbc.spi.SqlExceptionHelper: 142] ОШИБКА: повторяющееся значение ключа нарушает ограничение уникальности "uk_niu8sfil2gxywcru9ah3r4ec5"
  Подробности: Ключ "(name)=(Microsoft)" уже существует.
[2023-05-07 19:55:20,400] INFO [org.hibernate.orm.connections.pooling: 502] HHH10001008: Cleaning up connection pool [jdbc:postgresql://localhost:5432/postgres]
[2023-05-07 19:55:42,038] INFO [org.hibernate.Version: 44] HHH000412: Hibernate ORM core version 5.5.6.Final
[2023-05-07 19:55:42,563] INFO [org.hibernate.annotations.common.Version: 56] HCANN000001: Hibernate Commons Annotations {5.1.2.Final}
[2023-05-07 19:55:42,760] WARN [org.hibernate.orm.connections.pooling: 72] HHH10001002: Using Hibernate built-in connection pool (not for production use!)
[2023-05-07 19:55:42,766] INFO [org.hibernate.orm.connections.pooling: 115] HHH10001005: using driver [org.postgresql.Driver] at URL [jdbc:postgresql://localhost:5432/postgres]
[2023-05-07 19:55:42,766] INFO [org.hibernate.orm.connections.pooling: 124] HHH10001001: Connection properties: {password=****, user=postgres}
[2023-05-07 19:55:42,767] INFO [org.hibernate.orm.connections.pooling: 129] HHH10001003: Autocommit mode: false
[2023-05-07 19:55:42,770] INFO [org.hibernate.engine.jdbc.connections.internal.DriverManagerConnectionProviderImpl: 274] HHH000115: Hibernate connection pool size: 20 (min=1)
[2023-05-07 19:55:43,039] INFO [org.hibernate.dialect.Dialect: 175] HHH000400: Using dialect: org.hibernate.dialect.PostgreSQL10Dialect
[2023-05-07 19:55:43,827] INFO [org.hibernate.engine.transaction.jta.platform.internal.JtaPlatformInitiator: 52] HHH000490: Using JtaPlatform implementation: [org.hibernate.engine.transaction.jta.platform.internal.NoJtaPlatform]
[2023-05-07 19:55:43,918] WARN [org.hibernate.orm.connections.pooling: 72] HHH10001002: Using Hibernate built-in connection pool (not for production use!)
[2023-05-07 19:55:43,918] INFO [org.hibernate.orm.connections.pooling: 115] HHH10001005: using driver [org.postgresql.Driver] at URL [jdbc:postgresql://localhost:5432/postgres]
[2023-05-07 19:55:43,919] INFO [org.hibernate.orm.connections.pooling: 124] HHH10001001: Connection properties: {password=****, user=postgres}
[2023-05-07 19:55:43,919] INFO [org.hibernate.orm.connections.pooling: 129] HHH10001003: Autocommit mode: false
[2023-05-07 19:55:43,919] INFO [org.hibernate.engine.jdbc.connections.internal.DriverManagerConnectionProviderImpl: 274] HHH000115: Hibernate connection pool size: 20 (min=1)
[2023-05-07 19:55:43,991] INFO [org.hibernate.dialect.Dialect: 175] HHH000400: Using dialect: org.hibernate.dialect.PostgreSQL10Dialect
[2023-05-07 19:55:44,121] INFO [org.hibernate.engine.transaction.jta.platform.internal.JtaPlatformInitiator: 52] HHH000490: Using JtaPlatform implementation: [org.hibernate.engine.transaction.jta.platform.internal.NoJtaPlatform]
[2023-05-07 19:55:44,247] INFO [org.hibernate.orm.connections.pooling: 502] HHH10001008: Cleaning up connection pool [jdbc:postgresql://localhost:5432/postgres]
[2023-05-07 19:56:01,359] INFO [org.hibernate.Version: 44] HHH000412: Hibernate ORM core version 5.5.6.Final
[2023-05-07 19:56:02,077] INFO [org.hibernate.annotations.common.Version: 56] HCANN000001: Hibernate Commons Annotations {5.1.2.Final}
[2023-05-07 19:56:02,270] WARN [org.hibernate.orm.connections.pooling: 72] HHH10001002: Using Hibernate built-in connection pool (not for production use!)
[2023-05-07 19:56:02,275] INFO [org.hibernate.orm.connections.pooling: 115] HHH10001005: using driver [org.postgresql.Driver] at URL [jdbc:postgresql://localhost:5432/postgres]
[2023-05-07 19:56:02,275] INFO [org.hibernate.orm.connections.pooling: 124] HHH10001001: Connection properties: {password=****, user=postgres}
[2023-05-07 19:56:02,276] INFO [org.hibernate.orm.connections.pooling: 129] HHH10001003: Autocommit mode: false
[2023-05-07 19:56:02,278] INFO [org.hibernate.engine.jdbc.connections.internal.DriverManagerConnectionProviderImpl: 274] HHH000115: Hibernate connection pool size: 20 (min=1)
[2023-05-07 19:56:02,550] INFO [org.hibernate.dialect.Dialect: 175] HHH000400: Using dialect: org.hibernate.dialect.PostgreSQL10Dialect
[2023-05-07 19:56:03,353] INFO [org.hibernate.engine.transaction.jta.platform.internal.JtaPlatformInitiator: 52] HHH000490: Using JtaPlatform implementation: [org.hibernate.engine.transaction.jta.platform.internal.NoJtaPlatform]
[2023-05-07 19:56:03,410] WARN [org.hibernate.orm.connections.pooling: 72] HHH10001002: Using Hibernate built-in connection pool (not for production use!)
[2023-05-07 19:56:03,410] INFO [org.hibernate.orm.connections.pooling: 115] HHH10001005: using driver [org.postgresql.Driver] at URL [jdbc:postgresql://localhost:5432/postgres]
[2023-05-07 19:56:03,411] INFO [org.hibernate.orm.connections.pooling: 124] HHH10001001: Connection properties: {password=****, user=postgres}
[2023-05-07 19:56:03,411] INFO [org.hibernate.orm.connections.pooling: 129] HHH10001003: Autocommit mode: false
[2023-05-07 19:56:03,411] INFO [org.hibernate.engine.jdbc.connections.internal.DriverManagerConnectionProviderImpl: 274] HHH000115: Hibernate connection pool size: 20 (min=1)
[2023-05-07 19:56:03,469] INFO [org.hibernate.dialect.Dialect: 175] HHH000400: Using dialect: org.hibernate.dialect.PostgreSQL10Dialect
[2023-05-07 19:56:03,545] INFO [org.hibernate.engine.transaction.jta.platform.internal.JtaPlatformInitiator: 52] HHH000490: Using JtaPlatform implementation: [org.hibernate.engine.transaction.jta.platform.internal.NoJtaPlatform]
[2023-05-07 19:56:03,673] INFO [org.hibernate.orm.connections.pooling: 502] HHH10001008: Cleaning up connection pool [jdbc:postgresql://localhost:5432/postgres]
[2023-05-07 19:56:40,778] INFO [org.hibernate.Version: 44] HHH000412: Hibernate ORM core version 5.5.6.Final
[2023-05-07 19:56:41,304] INFO [org.hibernate.annotations.common.Version: 56] HCANN000001: Hibernate Commons Annotations {5.1.2.Final}
[2023-05-07 19:56:41,501] WARN [org.hibernate.orm.connections.pooling: 72] HHH10001002: Using Hibernate built-in connection pool (not for production use!)
[2023-05-07 19:56:41,507] INFO [org.hibernate.orm.connections.pooling: 115] HHH10001005: using driver [org.postgresql.Driver] at URL [jdbc:postgresql://localhost:5432/postgres]
[2023-05-07 19:56:41,508] INFO [org.hibernate.orm.connections.pooling: 124] HHH10001001: Connection properties: {password=****, user=postgres}
[2023-05-07 19:56:41,509] INFO [org.hibernate.orm.connections.pooling: 129] HHH10001003: Autocommit mode: false
[2023-05-07 19:56:41,512] INFO [org.hibernate.engine.jdbc.connections.internal.DriverManagerConnectionProviderImpl: 274] HHH000115: Hibernate connection pool size: 20 (min=1)
[2023-05-07 19:56:41,843] INFO [org.hibernate.dialect.Dialect: 175] HHH000400: Using dialect: org.hibernate.dialect.PostgreSQL10Dialect
[2023-05-07 19:56:42,650] INFO [org.hibernate.engine.transaction.jta.platform.internal.JtaPlatformInitiator: 52] HHH000490: Using JtaPlatform implementation: [org.hibernate.engine.transaction.jta.platform.internal.NoJtaPlatform]
[2023-05-07 19:56:42,803] INFO [org.hibernate.orm.connections.pooling: 502] HHH10001008: Cleaning up connection pool [jdbc:postgresql://localhost:5432/postgres]
[2023-05-07 19:57:29,620] INFO [org.hibernate.Version: 44] HHH000412: Hibernate ORM core version 5.5.6.Final
[2023-05-07 19:57:30,152] INFO [org.hibernate.annotations.common.Version: 56] HCANN000001: Hibernate Commons Annotations {5.1.2.Final}
[2023-05-07 19:57:30,343] WARN [org.hibernate.orm.connections.pooling: 72] HHH10001002: Using Hibernate built-in connection pool (not for production use!)
[2023-05-07 19:57:30,348] INFO [org.hibernate.orm.connections.pooling: 115] HHH10001005: using driver [org.postgresql.Driver] at URL [jdbc:postgresql://localhost:5432/postgres]
[2023-05-07 19:57:30,349] INFO [org.hibernate.orm.connections.pooling: 124] HHH10001001: Connection properties: {password=****, user=postgres}
[2023-05-07 19:57:30,349] INFO [org.hibernate.orm.connections.pooling: 129] HHH10001003: Autocommit mode: false
[2023-05-07 19:57:30,352] INFO [org.hibernate.engine.jdbc.connections.internal.DriverManagerConnectionProviderImpl: 274] HHH000115: Hibernate connection pool size: 20 (min=1)
[2023-05-07 19:57:30,628] INFO [org.hibernate.dialect.Dialect: 175] HHH000400: Using dialect: org.hibernate.dialect.PostgreSQL10Dialect
[2023-05-07 19:57:31,393] INFO [org.hibernate.engine.transaction.jta.platform.internal.JtaPlatformInitiator: 52] HHH000490: Using JtaPlatform implementation: [org.hibernate.engine.transaction.jta.platform.internal.NoJtaPlatform]
[2023-05-07 19:57:31,687] INFO [org.hibernate.orm.connections.pooling: 502] HHH10001008: Cleaning up connection pool [jdbc:postgresql://localhost:5432/postgres]
[2023-05-07 19:58:40,798] INFO [org.hibernate.Version: 44] HHH000412: Hibernate ORM core version 5.5.6.Final
[2023-05-07 19:58:41,321] INFO [org.hibernate.annotations.common.Version: 56] HCANN000001: Hibernate Commons Annotations {5.1.2.Final}
[2023-05-07 19:58:41,513] WARN [org.hibernate.orm.connections.pooling: 72] HHH10001002: Using Hibernate built-in connection pool (not for production use!)
[2023-05-07 19:58:41,518] INFO [org.hibernate.orm.connections.pooling: 115] HHH10001005: using driver [org.postgresql.Driver] at URL [jdbc:postgresql://localhost:5432/postgres]
[2023-05-07 19:58:41,519] INFO [org.hibernate.orm.connections.pooling: 124] HHH10001001: Connection properties: {password=****, user=postgres}
[2023-05-07 19:58:41,519] INFO [org.hibernate.orm.connections.pooling: 129] HHH10001003: Autocommit mode: false
[2023-05-07 19:58:41,522] INFO [org.hibernate.engine.jdbc.connections.internal.DriverManagerConnectionProviderImpl: 274] HHH000115: Hibernate connection pool size: 20 (min=1)
[2023-05-07 19:58:41,795] INFO [org.hibernate.dialect.Dialect: 175] HHH000400: Using dialect: org.hibernate.dialect.PostgreSQL10Dialect
[2023-05-07 19:58:42,586] INFO [org.hibernate.engine.transaction.jta.platform.internal.JtaPlatformInitiator: 52] HHH000490: Using JtaPlatform implementation: [org.hibernate.engine.transaction.jta.platform.internal.NoJtaPlatform]
[2023-05-07 19:58:42,862] INFO [org.hibernate.orm.connections.pooling: 502] HHH10001008: Cleaning up connection pool [jdbc:postgresql://localhost:5432/postgres]
[2023-05-07 20:01:40,713] INFO [org.hibernate.Version: 44] HHH000412: Hibernate ORM core version 5.5.6.Final
[2023-05-07 20:01:41,274] INFO [org.hibernate.annotations.common.Version: 56] HCANN000001: Hibernate Commons Annotations {5.1.2.Final}
[2023-05-07 20:01:41,486] WARN [org.hibernate.orm.connections.pooling: 72] HHH10001002: Using Hibernate built-in connection pool (not for production use!)
[2023-05-07 20:01:41,490] INFO [org.hibernate.orm.connections.pooling: 115] HHH10001005: using driver [org.postgresql.Driver] at URL [jdbc:postgresql://localhost:5432/postgres]
[2023-05-07 20:01:41,491] INFO [org.hibernate.orm.connections.pooling: 124] HHH10001001: Connection properties: {password=****, user=postgres}
[2023-05-07 20:01:41,491] INFO [org.hibernate.orm.connections.pooling: 129] HHH10001003: Autocommit mode: false
[2023-05-07 20:01:41,494] INFO [org.hibernate.engine.jdbc.connections.internal.DriverManagerConnectionProviderImpl: 274] HHH000115: Hibernate connection pool size: 20 (min=1)
[2023-05-07 20:01:41,766] INFO [org.hibernate.dialect.Dialect: 175] HHH000400: Using dialect: org.hibernate.dialect.PostgreSQL10Dialect
[2023-05-07 20:01:42,751] INFO [org.hibernate.engine.transaction.jta.platform.internal.JtaPlatformInitiator: 52] HHH000490: Using JtaPlatform implementation: [org.hibernate.engine.transaction.jta.platform.internal.NoJtaPlatform]
[2023-05-07 20:01:42,910] INFO [org.hibernate.orm.connections.pooling: 502] HHH10001008: Cleaning up connection pool [jdbc:postgresql://localhost:5432/postgres]
[2023-05-07 20:01:47,886] INFO [org.hibernate.Version: 44] HHH000412: Hibernate ORM core version 5.5.6.Final
[2023-05-07 20:01:48,415] INFO [org.hibernate.annotations.common.Version: 56] HCANN000001: Hibernate Commons Annotations {5.1.2.Final}
[2023-05-07 20:01:48,644] WARN [org.hibernate.orm.connections.pooling: 72] HHH10001002: Using Hibernate built-in connection pool (not for production use!)
[2023-05-07 20:01:48,649] INFO [org.hibernate.orm.connections.pooling: 115] HHH10001005: using driver [org.postgresql.Driver] at URL [jdbc:postgresql://localhost:5432/postgres]
[2023-05-07 20:01:48,649] INFO [org.hibernate.orm.connections.pooling: 124] HHH10001001: Connection properties: {password=****, user=postgres}
[2023-05-07 20:01:48,650] INFO [org.hibernate.orm.connections.pooling: 129] HHH10001003: Autocommit mode: false
[2023-05-07 20:01:48,653] INFO [org.hibernate.engine.jdbc.connections.internal.DriverManagerConnectionProviderImpl: 274] HHH000115: Hibernate connection pool size: 20 (min=1)
[2023-05-07 20:01:48,910] INFO [org.hibernate.dialect.Dialect: 175] HHH000400: Using dialect: org.hibernate.dialect.PostgreSQL10Dialect
[2023-05-07 20:01:49,728] INFO [org.hibernate.engine.transaction.jta.platform.internal.JtaPlatformInitiator: 52] HHH000490: Using JtaPlatform implementation: [org.hibernate.engine.transaction.jta.platform.internal.NoJtaPlatform]
[2023-05-07 20:01:50,023] INFO [org.hibernate.orm.connections.pooling: 502] HHH10001008: Cleaning up connection pool [jdbc:postgresql://localhost:5432/postgres]
[2023-05-07 20:02:53,707] INFO [org.hibernate.Version: 44] HHH000412: Hibernate ORM core version 5.5.6.Final
[2023-05-07 20:02:54,318] INFO [org.hibernate.annotations.common.Version: 56] HCANN000001: Hibernate Commons Annotations {5.1.2.Final}
[2023-05-07 20:02:54,559] WARN [org.hibernate.orm.connections.pooling: 72] HHH10001002: Using Hibernate built-in connection pool (not for production use!)
[2023-05-07 20:02:54,565] INFO [org.hibernate.orm.connections.pooling: 115] HHH10001005: using driver [org.postgresql.Driver] at URL [jdbc:postgresql://localhost:5432/postgres]
[2023-05-07 20:02:54,566] INFO [org.hibernate.orm.connections.pooling: 124] HHH10001001: Connection properties: {password=****, user=postgres}
[2023-05-07 20:02:54,567] INFO [org.hibernate.orm.connections.pooling: 129] HHH10001003: Autocommit mode: false
[2023-05-07 20:02:54,570] INFO [org.hibernate.engine.jdbc.connections.internal.DriverManagerConnectionProviderImpl: 274] HHH000115: Hibernate connection pool size: 20 (min=1)
[2023-05-07 20:02:54,861] INFO [org.hibernate.dialect.Dialect: 175] HHH000400: Using dialect: org.hibernate.dialect.PostgreSQL10Dialect
[2023-05-07 20:02:55,824] INFO [org.hibernate.engine.transaction.jta.platform.internal.JtaPlatformInitiator: 52] HHH000490: Using JtaPlatform implementation: [org.hibernate.engine.transaction.jta.platform.internal.NoJtaPlatform]
[2023-05-07 20:02:56,167] INFO [org.hibernate.orm.connections.pooling: 502] HHH10001008: Cleaning up connection pool [jdbc:postgresql://localhost:5432/postgres]
[2023-05-07 20:10:02,322] INFO [org.hibernate.Version: 44] HHH000412: Hibernate ORM core version 5.5.6.Final
[2023-05-07 20:10:02,856] INFO [org.hibernate.annotations.common.Version: 56] HCANN000001: Hibernate Commons Annotations {5.1.2.Final}
[2023-05-07 20:10:03,050] WARN [org.hibernate.orm.connections.pooling: 72] HHH10001002: Using Hibernate built-in connection pool (not for production use!)
[2023-05-07 20:10:03,056] INFO [org.hibernate.orm.connections.pooling: 115] HHH10001005: using driver [org.postgresql.Driver] at URL [jdbc:postgresql://localhost:5432/postgres]
[2023-05-07 20:10:03,056] INFO [org.hibernate.orm.connections.pooling: 124] HHH10001001: Connection properties: {password=****, user=postgres}
[2023-05-07 20:10:03,056] INFO [org.hibernate.orm.connections.pooling: 129] HHH10001003: Autocommit mode: false
[2023-05-07 20:10:03,060] INFO [org.hibernate.engine.jdbc.connections.internal.DriverManagerConnectionProviderImpl: 274] HHH000115: Hibernate connection pool size: 20 (min=1)
[2023-05-07 20:10:03,332] INFO [org.hibernate.dialect.Dialect: 175] HHH000400: Using dialect: org.hibernate.dialect.PostgreSQL10Dialect
[2023-05-07 20:10:04,162] INFO [org.hibernate.engine.transaction.jta.platform.internal.JtaPlatformInitiator: 52] HHH000490: Using JtaPlatform implementation: [org.hibernate.engine.transaction.jta.platform.internal.NoJtaPlatform]
[2023-05-07 20:10:04,281] ERROR [org.hibernate.hql.internal.ast.ErrorTracker: 62] line 1:130: unexpected token: limit
[2023-05-07 20:10:04,282] ERROR [org.hibernate.hql.internal.ast.ErrorTracker: 57] line 1:130: unexpected token: limit
line 1:130: unexpected token: limit
	at org.hibernate.hql.internal.antlr.HqlBaseParser.orderElement(HqlBaseParser.java:2415)
	at org.hibernate.hql.internal.antlr.HqlBaseParser.orderByClause(HqlBaseParser.java:1291)
	at org.hibernate.hql.internal.antlr.HqlBaseParser.queryRule(HqlBaseParser.java:872)
	at org.hibernate.hql.internal.antlr.HqlBaseParser.selectStatement(HqlBaseParser.java:336)
	at org.hibernate.hql.internal.antlr.HqlBaseParser.statement(HqlBaseParser.java:200)
	at org.hibernate.hql.internal.ast.QueryTranslatorImpl.parse(QueryTranslatorImpl.java:294)
	at org.hibernate.hql.internal.ast.QueryTranslatorImpl.doCompile(QueryTranslatorImpl.java:189)
	at org.hibernate.hql.internal.ast.QueryTranslatorImpl.compile(QueryTranslatorImpl.java:144)
	at org.hibernate.engine.query.spi.HQLQueryPlan.<init>(HQLQueryPlan.java:113)
	at org.hibernate.engine.query.spi.HQLQueryPlan.<init>(HQLQueryPlan.java:73)
	at org.hibernate.engine.query.spi.QueryPlanCache.getHQLQueryPlan(QueryPlanCache.java:162)
	at org.hibernate.internal.AbstractSharedSessionContract.getQueryPlan(AbstractSharedSessionContract.java:622)
	at org.hibernate.internal.AbstractSharedSessionContract.createQuery(AbstractSharedSessionContract.java:734)
	at org.hibernate.internal.AbstractSharedSessionContract.createQuery(AbstractSharedSessionContract.java:834)
	at org.hibernate.internal.AbstractSharedSessionContract.createQuery(AbstractSharedSessionContract.java:114)
	at by.itacademy.hibernate.dao.UserDao.findLimitedUsersOrderedByBirthday(UserDao.java:42)
	at by.itacademy.hibernate.dao.UserDaoTest.findLimitedUsersOrderedByBirthday(UserDaoTest.java:83)
	at java.base/jdk.internal.reflect.NativeMethodAccessorImpl.invoke0(Native Method)
	at java.base/jdk.internal.reflect.NativeMethodAccessorImpl.invoke(NativeMethodAccessorImpl.java:77)
	at java.base/jdk.internal.reflect.DelegatingMethodAccessorImpl.invoke(DelegatingMethodAccessorImpl.java:43)
	at java.base/java.lang.reflect.Method.invoke(Method.java:568)
	at org.junit.platform.commons.util.ReflectionUtils.invokeMethod(ReflectionUtils.java:727)
	at org.junit.jupiter.engine.execution.MethodInvocation.proceed(MethodInvocation.java:60)
	at org.junit.jupiter.engine.execution.InvocationInterceptorChain$ValidatingInvocation.proceed(InvocationInterceptorChain.java:131)
	at org.junit.jupiter.engine.extension.TimeoutExtension.intercept(TimeoutExtension.java:156)
	at org.junit.jupiter.engine.extension.TimeoutExtension.interceptTestableMethod(TimeoutExtension.java:147)
	at org.junit.jupiter.engine.extension.TimeoutExtension.interceptTestMethod(TimeoutExtension.java:86)
	at org.junit.jupiter.engine.execution.InterceptingExecutableInvoker$ReflectiveInterceptorCall.lambda$ofVoidMethod$0(InterceptingExecutableInvoker.java:103)
	at org.junit.jupiter.engine.execution.InterceptingExecutableInvoker.lambda$invoke$0(InterceptingExecutableInvoker.java:93)
	at org.junit.jupiter.engine.execution.InvocationInterceptorChain$InterceptedInvocation.proceed(InvocationInterceptorChain.java:106)
	at org.junit.jupiter.engine.execution.InvocationInterceptorChain.proceed(InvocationInterceptorChain.java:64)
	at org.junit.jupiter.engine.execution.InvocationInterceptorChain.chainAndInvoke(InvocationInterceptorChain.java:45)
	at org.junit.jupiter.engine.execution.InvocationInterceptorChain.invoke(InvocationInterceptorChain.java:37)
	at org.junit.jupiter.engine.execution.InterceptingExecutableInvoker.invoke(InterceptingExecutableInvoker.java:92)
	at org.junit.jupiter.engine.execution.InterceptingExecutableInvoker.invoke(InterceptingExecutableInvoker.java:86)
	at org.junit.jupiter.engine.descriptor.TestMethodTestDescriptor.lambda$invokeTestMethod$7(TestMethodTestDescriptor.java:217)
	at org.junit.platform.engine.support.hierarchical.ThrowableCollector.execute(ThrowableCollector.java:73)
	at org.junit.jupiter.engine.descriptor.TestMethodTestDescriptor.invokeTestMethod(TestMethodTestDescriptor.java:213)
	at org.junit.jupiter.engine.descriptor.TestMethodTestDescriptor.execute(TestMethodTestDescriptor.java:138)
	at org.junit.jupiter.engine.descriptor.TestMethodTestDescriptor.execute(TestMethodTestDescriptor.java:68)
	at org.junit.platform.engine.support.hierarchical.NodeTestTask.lambda$executeRecursively$6(NodeTestTask.java:151)
	at org.junit.platform.engine.support.hierarchical.ThrowableCollector.execute(ThrowableCollector.java:73)
	at org.junit.platform.engine.support.hierarchical.NodeTestTask.lambda$executeRecursively$8(NodeTestTask.java:141)
	at org.junit.platform.engine.support.hierarchical.Node.around(Node.java:137)
	at org.junit.platform.engine.support.hierarchical.NodeTestTask.lambda$executeRecursively$9(NodeTestTask.java:139)
	at org.junit.platform.engine.support.hierarchical.ThrowableCollector.execute(ThrowableCollector.java:73)
	at org.junit.platform.engine.support.hierarchical.NodeTestTask.executeRecursively(NodeTestTask.java:138)
	at org.junit.platform.engine.support.hierarchical.NodeTestTask.execute(NodeTestTask.java:95)
	at java.base/java.util.ArrayList.forEach(ArrayList.java:1511)
	at org.junit.platform.engine.support.hierarchical.SameThreadHierarchicalTestExecutorService.invokeAll(SameThreadHierarchicalTestExecutorService.java:41)
	at org.junit.platform.engine.support.hierarchical.NodeTestTask.lambda$executeRecursively$6(NodeTestTask.java:155)
	at org.junit.platform.engine.support.hierarchical.ThrowableCollector.execute(ThrowableCollector.java:73)
	at org.junit.platform.engine.support.hierarchical.NodeTestTask.lambda$executeRecursively$8(NodeTestTask.java:141)
	at org.junit.platform.engine.support.hierarchical.Node.around(Node.java:137)
	at org.junit.platform.engine.support.hierarchical.NodeTestTask.lambda$executeRecursively$9(NodeTestTask.java:139)
	at org.junit.platform.engine.support.hierarchical.ThrowableCollector.execute(ThrowableCollector.java:73)
	at org.junit.platform.engine.support.hierarchical.NodeTestTask.executeRecursively(NodeTestTask.java:138)
	at org.junit.platform.engine.support.hierarchical.NodeTestTask.execute(NodeTestTask.java:95)
	at java.base/java.util.ArrayList.forEach(ArrayList.java:1511)
	at org.junit.platform.engine.support.hierarchical.SameThreadHierarchicalTestExecutorService.invokeAll(SameThreadHierarchicalTestExecutorService.java:41)
	at org.junit.platform.engine.support.hierarchical.NodeTestTask.lambda$executeRecursively$6(NodeTestTask.java:155)
	at org.junit.platform.engine.support.hierarchical.ThrowableCollector.execute(ThrowableCollector.java:73)
	at org.junit.platform.engine.support.hierarchical.NodeTestTask.lambda$executeRecursively$8(NodeTestTask.java:141)
	at org.junit.platform.engine.support.hierarchical.Node.around(Node.java:137)
	at org.junit.platform.engine.support.hierarchical.NodeTestTask.lambda$executeRecursively$9(NodeTestTask.java:139)
	at org.junit.platform.engine.support.hierarchical.ThrowableCollector.execute(ThrowableCollector.java:73)
	at org.junit.platform.engine.support.hierarchical.NodeTestTask.executeRecursively(NodeTestTask.java:138)
	at org.junit.platform.engine.support.hierarchical.NodeTestTask.execute(NodeTestTask.java:95)
	at org.junit.platform.engine.support.hierarchical.SameThreadHierarchicalTestExecutorService.submit(SameThreadHierarchicalTestExecutorService.java:35)
	at org.junit.platform.engine.support.hierarchical.HierarchicalTestExecutor.execute(HierarchicalTestExecutor.java:57)
	at org.junit.platform.engine.support.hierarchical.HierarchicalTestEngine.execute(HierarchicalTestEngine.java:54)
	at org.junit.platform.launcher.core.EngineExecutionOrchestrator.execute(EngineExecutionOrchestrator.java:147)
	at org.junit.platform.launcher.core.EngineExecutionOrchestrator.execute(EngineExecutionOrchestrator.java:127)
	at org.junit.platform.launcher.core.EngineExecutionOrchestrator.execute(EngineExecutionOrchestrator.java:90)
	at org.junit.platform.launcher.core.EngineExecutionOrchestrator.lambda$execute$0(EngineExecutionOrchestrator.java:55)
	at org.junit.platform.launcher.core.EngineExecutionOrchestrator.withInterceptedStreams(EngineExecutionOrchestrator.java:102)
	at org.junit.platform.launcher.core.EngineExecutionOrchestrator.execute(EngineExecutionOrchestrator.java:54)
	at org.junit.platform.launcher.core.DefaultLauncher.execute(DefaultLauncher.java:114)
	at org.junit.platform.launcher.core.DefaultLauncher.execute(DefaultLauncher.java:86)
	at org.junit.platform.launcher.core.DefaultLauncherSession$DelegatingLauncher.execute(DefaultLauncherSession.java:86)
	at org.junit.platform.launcher.core.SessionPerRequestLauncher.execute(SessionPerRequestLauncher.java:53)
	at com.intellij.junit5.JUnit5IdeaTestRunner.startRunnerWithArgs(JUnit5IdeaTestRunner.java:57)
	at com.intellij.rt.junit.IdeaTestRunner$Repeater$1.execute(IdeaTestRunner.java:38)
	at com.intellij.rt.execution.junit.TestsRepeater.repeat(TestsRepeater.java:11)
	at com.intellij.rt.junit.IdeaTestRunner$Repeater.startRunnerWithArgs(IdeaTestRunner.java:35)
	at com.intellij.rt.junit.JUnitStarter.prepareStreamsAndStart(JUnitStarter.java:235)
	at com.intellij.rt.junit.JUnitStarter.main(JUnitStarter.java:54)
[2023-05-07 20:10:04,306] INFO [org.hibernate.orm.connections.pooling: 502] HHH10001008: Cleaning up connection pool [jdbc:postgresql://localhost:5432/postgres]
[2023-05-07 20:10:47,549] INFO [org.hibernate.Version: 44] HHH000412: Hibernate ORM core version 5.5.6.Final
[2023-05-07 20:10:48,078] INFO [org.hibernate.annotations.common.Version: 56] HCANN000001: Hibernate Commons Annotations {5.1.2.Final}
[2023-05-07 20:10:48,266] WARN [org.hibernate.orm.connections.pooling: 72] HHH10001002: Using Hibernate built-in connection pool (not for production use!)
[2023-05-07 20:10:48,271] INFO [org.hibernate.orm.connections.pooling: 115] HHH10001005: using driver [org.postgresql.Driver] at URL [jdbc:postgresql://localhost:5432/postgres]
[2023-05-07 20:10:48,272] INFO [org.hibernate.orm.connections.pooling: 124] HHH10001001: Connection properties: {password=****, user=postgres}
[2023-05-07 20:10:48,272] INFO [org.hibernate.orm.connections.pooling: 129] HHH10001003: Autocommit mode: false
[2023-05-07 20:10:48,275] INFO [org.hibernate.engine.jdbc.connections.internal.DriverManagerConnectionProviderImpl: 274] HHH000115: Hibernate connection pool size: 20 (min=1)
[2023-05-07 20:10:48,541] INFO [org.hibernate.dialect.Dialect: 175] HHH000400: Using dialect: org.hibernate.dialect.PostgreSQL10Dialect
[2023-05-07 20:10:49,352] INFO [org.hibernate.engine.transaction.jta.platform.internal.JtaPlatformInitiator: 52] HHH000490: Using JtaPlatform implementation: [org.hibernate.engine.transaction.jta.platform.internal.NoJtaPlatform]
[2023-05-07 20:10:49,659] INFO [org.hibernate.orm.connections.pooling: 502] HHH10001008: Cleaning up connection pool [jdbc:postgresql://localhost:5432/postgres]
[2023-05-07 20:17:07,317] INFO [org.hibernate.Version: 44] HHH000412: Hibernate ORM core version 5.5.6.Final
[2023-05-07 20:17:07,849] INFO [org.hibernate.annotations.common.Version: 56] HCANN000001: Hibernate Commons Annotations {5.1.2.Final}
[2023-05-07 20:17:08,050] WARN [org.hibernate.orm.connections.pooling: 72] HHH10001002: Using Hibernate built-in connection pool (not for production use!)
[2023-05-07 20:17:08,057] INFO [org.hibernate.orm.connections.pooling: 115] HHH10001005: using driver [org.postgresql.Driver] at URL [jdbc:postgresql://localhost:5432/postgres]
[2023-05-07 20:17:08,057] INFO [org.hibernate.orm.connections.pooling: 124] HHH10001001: Connection properties: {password=****, user=postgres}
[2023-05-07 20:17:08,058] INFO [org.hibernate.orm.connections.pooling: 129] HHH10001003: Autocommit mode: false
[2023-05-07 20:17:08,061] INFO [org.hibernate.engine.jdbc.connections.internal.DriverManagerConnectionProviderImpl: 274] HHH000115: Hibernate connection pool size: 20 (min=1)
[2023-05-07 20:17:08,332] INFO [org.hibernate.dialect.Dialect: 175] HHH000400: Using dialect: org.hibernate.dialect.PostgreSQL10Dialect
[2023-05-07 20:17:09,151] INFO [org.hibernate.engine.transaction.jta.platform.internal.JtaPlatformInitiator: 52] HHH000490: Using JtaPlatform implementation: [org.hibernate.engine.transaction.jta.platform.internal.NoJtaPlatform]
[2023-05-07 20:17:09,427] INFO [org.hibernate.orm.connections.pooling: 502] HHH10001008: Cleaning up connection pool [jdbc:postgresql://localhost:5432/postgres]
[2023-05-07 20:18:32,963] INFO [org.hibernate.Version: 44] HHH000412: Hibernate ORM core version 5.5.6.Final
[2023-05-07 20:18:33,625] INFO [org.hibernate.annotations.common.Version: 56] HCANN000001: Hibernate Commons Annotations {5.1.2.Final}
[2023-05-07 20:18:33,884] WARN [org.hibernate.orm.connections.pooling: 72] HHH10001002: Using Hibernate built-in connection pool (not for production use!)
[2023-05-07 20:18:33,889] INFO [org.hibernate.orm.connections.pooling: 115] HHH10001005: using driver [org.postgresql.Driver] at URL [jdbc:postgresql://localhost:5432/postgres]
[2023-05-07 20:18:33,890] INFO [org.hibernate.orm.connections.pooling: 124] HHH10001001: Connection properties: {password=****, user=postgres}
[2023-05-07 20:18:33,890] INFO [org.hibernate.orm.connections.pooling: 129] HHH10001003: Autocommit mode: false
[2023-05-07 20:18:33,894] INFO [org.hibernate.engine.jdbc.connections.internal.DriverManagerConnectionProviderImpl: 274] HHH000115: Hibernate connection pool size: 20 (min=1)
[2023-05-07 20:18:34,204] INFO [org.hibernate.dialect.Dialect: 175] HHH000400: Using dialect: org.hibernate.dialect.PostgreSQL10Dialect
[2023-05-07 20:18:35,061] INFO [org.hibernate.engine.transaction.jta.platform.internal.JtaPlatformInitiator: 52] HHH000490: Using JtaPlatform implementation: [org.hibernate.engine.transaction.jta.platform.internal.NoJtaPlatform]
[2023-05-07 20:18:35,366] INFO [org.hibernate.orm.connections.pooling: 502] HHH10001008: Cleaning up connection pool [jdbc:postgresql://localhost:5432/postgres]
[2023-05-07 20:19:38,904] INFO [org.hibernate.Version: 44] HHH000412: Hibernate ORM core version 5.5.6.Final
[2023-05-07 20:19:39,578] INFO [org.hibernate.annotations.common.Version: 56] HCANN000001: Hibernate Commons Annotations {5.1.2.Final}
[2023-05-07 20:19:39,840] WARN [org.hibernate.orm.connections.pooling: 72] HHH10001002: Using Hibernate built-in connection pool (not for production use!)
[2023-05-07 20:19:39,846] INFO [org.hibernate.orm.connections.pooling: 115] HHH10001005: using driver [org.postgresql.Driver] at URL [jdbc:postgresql://localhost:5432/postgres]
[2023-05-07 20:19:39,847] INFO [org.hibernate.orm.connections.pooling: 124] HHH10001001: Connection properties: {password=****, user=postgres}
[2023-05-07 20:19:39,847] INFO [org.hibernate.orm.connections.pooling: 129] HHH10001003: Autocommit mode: false
[2023-05-07 20:19:39,851] INFO [org.hibernate.engine.jdbc.connections.internal.DriverManagerConnectionProviderImpl: 274] HHH000115: Hibernate connection pool size: 20 (min=1)
[2023-05-07 20:19:40,198] INFO [org.hibernate.dialect.Dialect: 175] HHH000400: Using dialect: org.hibernate.dialect.PostgreSQL10Dialect
[2023-05-07 20:19:41,325] INFO [org.hibernate.engine.transaction.jta.platform.internal.JtaPlatformInitiator: 52] HHH000490: Using JtaPlatform implementation: [org.hibernate.engine.transaction.jta.platform.internal.NoJtaPlatform]
[2023-05-07 20:19:41,688] INFO [org.hibernate.orm.connections.pooling: 502] HHH10001008: Cleaning up connection pool [jdbc:postgresql://localhost:5432/postgres]
[2023-05-07 20:30:39,536] INFO [org.hibernate.Version: 44] HHH000412: Hibernate ORM core version 5.5.6.Final
[2023-05-07 20:30:40,201] INFO [org.hibernate.annotations.common.Version: 56] HCANN000001: Hibernate Commons Annotations {5.1.2.Final}
[2023-05-07 20:30:40,397] WARN [org.hibernate.orm.connections.pooling: 72] HHH10001002: Using Hibernate built-in connection pool (not for production use!)
[2023-05-07 20:30:40,402] INFO [org.hibernate.orm.connections.pooling: 115] HHH10001005: using driver [org.postgresql.Driver] at URL [jdbc:postgresql://localhost:5432/postgres]
[2023-05-07 20:30:40,403] INFO [org.hibernate.orm.connections.pooling: 124] HHH10001001: Connection properties: {password=****, user=postgres}
[2023-05-07 20:30:40,403] INFO [org.hibernate.orm.connections.pooling: 129] HHH10001003: Autocommit mode: false
[2023-05-07 20:30:40,407] INFO [org.hibernate.engine.jdbc.connections.internal.DriverManagerConnectionProviderImpl: 274] HHH000115: Hibernate connection pool size: 20 (min=1)
[2023-05-07 20:30:40,682] INFO [org.hibernate.dialect.Dialect: 175] HHH000400: Using dialect: org.hibernate.dialect.PostgreSQL10Dialect
[2023-05-07 20:30:41,552] INFO [org.hibernate.engine.transaction.jta.platform.internal.JtaPlatformInitiator: 52] HHH000490: Using JtaPlatform implementation: [org.hibernate.engine.transaction.jta.platform.internal.NoJtaPlatform]
[2023-05-07 20:30:41,736] INFO [org.hibernate.orm.connections.pooling: 502] HHH10001008: Cleaning up connection pool [jdbc:postgresql://localhost:5432/postgres]
[2023-05-07 20:31:28,599] INFO [org.hibernate.Version: 44] HHH000412: Hibernate ORM core version 5.5.6.Final
[2023-05-07 20:31:29,161] INFO [org.hibernate.annotations.common.Version: 56] HCANN000001: Hibernate Commons Annotations {5.1.2.Final}
[2023-05-07 20:31:29,399] WARN [org.hibernate.orm.connections.pooling: 72] HHH10001002: Using Hibernate built-in connection pool (not for production use!)
[2023-05-07 20:31:29,405] INFO [org.hibernate.orm.connections.pooling: 115] HHH10001005: using driver [org.postgresql.Driver] at URL [jdbc:postgresql://localhost:5432/postgres]
[2023-05-07 20:31:29,405] INFO [org.hibernate.orm.connections.pooling: 124] HHH10001001: Connection properties: {password=****, user=postgres}
[2023-05-07 20:31:29,405] INFO [org.hibernate.orm.connections.pooling: 129] HHH10001003: Autocommit mode: false
[2023-05-07 20:31:29,409] INFO [org.hibernate.engine.jdbc.connections.internal.DriverManagerConnectionProviderImpl: 274] HHH000115: Hibernate connection pool size: 20 (min=1)
[2023-05-07 20:31:29,683] INFO [org.hibernate.dialect.Dialect: 175] HHH000400: Using dialect: org.hibernate.dialect.PostgreSQL10Dialect
[2023-05-07 20:31:30,647] INFO [org.hibernate.engine.transaction.jta.platform.internal.JtaPlatformInitiator: 52] HHH000490: Using JtaPlatform implementation: [org.hibernate.engine.transaction.jta.platform.internal.NoJtaPlatform]
[2023-05-07 20:31:30,829] INFO [org.hibernate.orm.connections.pooling: 502] HHH10001008: Cleaning up connection pool [jdbc:postgresql://localhost:5432/postgres]
[2023-05-07 20:31:58,950] INFO [org.hibernate.Version: 44] HHH000412: Hibernate ORM core version 5.5.6.Final
[2023-05-07 20:31:59,466] INFO [org.hibernate.annotations.common.Version: 56] HCANN000001: Hibernate Commons Annotations {5.1.2.Final}
[2023-05-07 20:31:59,659] WARN [org.hibernate.orm.connections.pooling: 72] HHH10001002: Using Hibernate built-in connection pool (not for production use!)
[2023-05-07 20:31:59,664] INFO [org.hibernate.orm.connections.pooling: 115] HHH10001005: using driver [org.postgresql.Driver] at URL [jdbc:postgresql://localhost:5432/postgres]
[2023-05-07 20:31:59,665] INFO [org.hibernate.orm.connections.pooling: 124] HHH10001001: Connection properties: {password=****, user=postgres}
[2023-05-07 20:31:59,665] INFO [org.hibernate.orm.connections.pooling: 129] HHH10001003: Autocommit mode: false
[2023-05-07 20:31:59,668] INFO [org.hibernate.engine.jdbc.connections.internal.DriverManagerConnectionProviderImpl: 274] HHH000115: Hibernate connection pool size: 20 (min=1)
[2023-05-07 20:31:59,924] INFO [org.hibernate.dialect.Dialect: 175] HHH000400: Using dialect: org.hibernate.dialect.PostgreSQL10Dialect
[2023-05-07 20:32:00,722] INFO [org.hibernate.engine.transaction.jta.platform.internal.JtaPlatformInitiator: 52] HHH000490: Using JtaPlatform implementation: [org.hibernate.engine.transaction.jta.platform.internal.NoJtaPlatform]
[2023-05-07 20:32:00,870] INFO [org.hibernate.orm.connections.pooling: 502] HHH10001008: Cleaning up connection pool [jdbc:postgresql://localhost:5432/postgres]
[2023-05-07 20:34:37,999] INFO [org.hibernate.Version: 44] HHH000412: Hibernate ORM core version 5.5.6.Final
[2023-05-07 20:34:38,528] INFO [org.hibernate.annotations.common.Version: 56] HCANN000001: Hibernate Commons Annotations {5.1.2.Final}
[2023-05-07 20:34:38,725] WARN [org.hibernate.orm.connections.pooling: 72] HHH10001002: Using Hibernate built-in connection pool (not for production use!)
[2023-05-07 20:34:38,730] INFO [org.hibernate.orm.connections.pooling: 115] HHH10001005: using driver [org.postgresql.Driver] at URL [jdbc:postgresql://localhost:5432/postgres]
[2023-05-07 20:34:38,731] INFO [org.hibernate.orm.connections.pooling: 124] HHH10001001: Connection properties: {password=****, user=postgres}
[2023-05-07 20:34:38,731] INFO [org.hibernate.orm.connections.pooling: 129] HHH10001003: Autocommit mode: false
[2023-05-07 20:34:38,735] INFO [org.hibernate.engine.jdbc.connections.internal.DriverManagerConnectionProviderImpl: 274] HHH000115: Hibernate connection pool size: 20 (min=1)
[2023-05-07 20:34:39,049] INFO [org.hibernate.dialect.Dialect: 175] HHH000400: Using dialect: org.hibernate.dialect.PostgreSQL10Dialect
[2023-05-07 20:34:39,826] INFO [org.hibernate.engine.transaction.jta.platform.internal.JtaPlatformInitiator: 52] HHH000490: Using JtaPlatform implementation: [org.hibernate.engine.transaction.jta.platform.internal.NoJtaPlatform]
[2023-05-07 20:34:40,002] INFO [org.hibernate.orm.connections.pooling: 502] HHH10001008: Cleaning up connection pool [jdbc:postgresql://localhost:5432/postgres]
[2023-05-11 21:45:16,167] INFO [org.hibernate.Version: 44] HHH000412: Hibernate ORM core version 5.5.6.Final
[2023-05-11 21:45:16,765] INFO [org.hibernate.annotations.common.Version: 56] HCANN000001: Hibernate Commons Annotations {5.1.2.Final}
[2023-05-11 21:45:17,007] WARN [org.hibernate.orm.connections.pooling: 72] HHH10001002: Using Hibernate built-in connection pool (not for production use!)
[2023-05-11 21:45:17,012] INFO [org.hibernate.orm.connections.pooling: 115] HHH10001005: using driver [org.postgresql.Driver] at URL [jdbc:postgresql://localhost:5432/postgres]
[2023-05-11 21:45:17,013] INFO [org.hibernate.orm.connections.pooling: 124] HHH10001001: Connection properties: {password=****, user=postgres}
[2023-05-11 21:45:17,013] INFO [org.hibernate.orm.connections.pooling: 129] HHH10001003: Autocommit mode: false
[2023-05-11 21:45:17,016] INFO [org.hibernate.engine.jdbc.connections.internal.DriverManagerConnectionProviderImpl: 274] HHH000115: Hibernate connection pool size: 20 (min=1)
[2023-05-11 21:45:17,270] INFO [org.hibernate.dialect.Dialect: 175] HHH000400: Using dialect: org.hibernate.dialect.PostgreSQL10Dialect
[2023-05-11 21:45:18,294] INFO [org.hibernate.engine.transaction.jta.platform.internal.JtaPlatformInitiator: 52] HHH000490: Using JtaPlatform implementation: [org.hibernate.engine.transaction.jta.platform.internal.NoJtaPlatform]
[2023-05-11 21:45:18,454] INFO [org.hibernate.orm.connections.pooling: 502] HHH10001008: Cleaning up connection pool [jdbc:postgresql://localhost:5432/postgres]
[2023-05-11 21:45:32,065] INFO [org.hibernate.Version: 44] HHH000412: Hibernate ORM core version 5.5.6.Final
[2023-05-11 21:45:32,667] INFO [org.hibernate.annotations.common.Version: 56] HCANN000001: Hibernate Commons Annotations {5.1.2.Final}
[2023-05-11 21:45:32,879] WARN [org.hibernate.orm.connections.pooling: 72] HHH10001002: Using Hibernate built-in connection pool (not for production use!)
[2023-05-11 21:45:32,885] INFO [org.hibernate.orm.connections.pooling: 115] HHH10001005: using driver [org.postgresql.Driver] at URL [jdbc:postgresql://localhost:5432/postgres]
[2023-05-11 21:45:32,886] INFO [org.hibernate.orm.connections.pooling: 124] HHH10001001: Connection properties: {password=****, user=postgres}
[2023-05-11 21:45:32,886] INFO [org.hibernate.orm.connections.pooling: 129] HHH10001003: Autocommit mode: false
[2023-05-11 21:45:32,889] INFO [org.hibernate.engine.jdbc.connections.internal.DriverManagerConnectionProviderImpl: 274] HHH000115: Hibernate connection pool size: 20 (min=1)
[2023-05-11 21:45:33,165] INFO [org.hibernate.dialect.Dialect: 175] HHH000400: Using dialect: org.hibernate.dialect.PostgreSQL10Dialect
[2023-05-11 21:45:33,977] INFO [org.hibernate.engine.transaction.jta.platform.internal.JtaPlatformInitiator: 52] HHH000490: Using JtaPlatform implementation: [org.hibernate.engine.transaction.jta.platform.internal.NoJtaPlatform]
[2023-05-11 21:45:34,122] INFO [org.hibernate.orm.connections.pooling: 502] HHH10001008: Cleaning up connection pool [jdbc:postgresql://localhost:5432/postgres]
[2023-05-11 21:45:39,528] INFO [org.hibernate.Version: 44] HHH000412: Hibernate ORM core version 5.5.6.Final
[2023-05-11 21:45:40,057] INFO [org.hibernate.annotations.common.Version: 56] HCANN000001: Hibernate Commons Annotations {5.1.2.Final}
[2023-05-11 21:45:40,250] WARN [org.hibernate.orm.connections.pooling: 72] HHH10001002: Using Hibernate built-in connection pool (not for production use!)
[2023-05-11 21:45:40,256] INFO [org.hibernate.orm.connections.pooling: 115] HHH10001005: using driver [org.postgresql.Driver] at URL [jdbc:postgresql://localhost:5432/postgres]
[2023-05-11 21:45:40,256] INFO [org.hibernate.orm.connections.pooling: 124] HHH10001001: Connection properties: {password=****, user=postgres}
[2023-05-11 21:45:40,257] INFO [org.hibernate.orm.connections.pooling: 129] HHH10001003: Autocommit mode: false
[2023-05-11 21:45:40,261] INFO [org.hibernate.engine.jdbc.connections.internal.DriverManagerConnectionProviderImpl: 274] HHH000115: Hibernate connection pool size: 20 (min=1)
[2023-05-11 21:45:40,544] INFO [org.hibernate.dialect.Dialect: 175] HHH000400: Using dialect: org.hibernate.dialect.PostgreSQL10Dialect
[2023-05-11 21:45:41,391] INFO [org.hibernate.engine.transaction.jta.platform.internal.JtaPlatformInitiator: 52] HHH000490: Using JtaPlatform implementation: [org.hibernate.engine.transaction.jta.platform.internal.NoJtaPlatform]
[2023-05-11 21:45:41,555] INFO [org.hibernate.orm.connections.pooling: 502] HHH10001008: Cleaning up connection pool [jdbc:postgresql://localhost:5432/postgres]
[2023-05-11 21:45:47,916] INFO [org.hibernate.Version: 44] HHH000412: Hibernate ORM core version 5.5.6.Final
[2023-05-11 21:45:48,450] INFO [org.hibernate.annotations.common.Version: 56] HCANN000001: Hibernate Commons Annotations {5.1.2.Final}
[2023-05-11 21:45:48,656] WARN [org.hibernate.orm.connections.pooling: 72] HHH10001002: Using Hibernate built-in connection pool (not for production use!)
[2023-05-11 21:45:48,661] INFO [org.hibernate.orm.connections.pooling: 115] HHH10001005: using driver [org.postgresql.Driver] at URL [jdbc:postgresql://localhost:5432/postgres]
[2023-05-11 21:45:48,661] INFO [org.hibernate.orm.connections.pooling: 124] HHH10001001: Connection properties: {password=****, user=postgres}
[2023-05-11 21:45:48,661] INFO [org.hibernate.orm.connections.pooling: 129] HHH10001003: Autocommit mode: false
[2023-05-11 21:45:48,665] INFO [org.hibernate.engine.jdbc.connections.internal.DriverManagerConnectionProviderImpl: 274] HHH000115: Hibernate connection pool size: 20 (min=1)
[2023-05-11 21:45:48,935] INFO [org.hibernate.dialect.Dialect: 175] HHH000400: Using dialect: org.hibernate.dialect.PostgreSQL10Dialect
[2023-05-11 21:45:49,733] INFO [org.hibernate.engine.transaction.jta.platform.internal.JtaPlatformInitiator: 52] HHH000490: Using JtaPlatform implementation: [org.hibernate.engine.transaction.jta.platform.internal.NoJtaPlatform]
[2023-05-11 21:45:50,043] INFO [org.hibernate.orm.connections.pooling: 502] HHH10001008: Cleaning up connection pool [jdbc:postgresql://localhost:5432/postgres]
[2023-05-11 21:46:04,946] INFO [org.hibernate.Version: 44] HHH000412: Hibernate ORM core version 5.5.6.Final
[2023-05-11 21:46:05,464] INFO [org.hibernate.annotations.common.Version: 56] HCANN000001: Hibernate Commons Annotations {5.1.2.Final}
[2023-05-11 21:46:05,667] WARN [org.hibernate.orm.connections.pooling: 72] HHH10001002: Using Hibernate built-in connection pool (not for production use!)
[2023-05-11 21:46:05,673] INFO [org.hibernate.orm.connections.pooling: 115] HHH10001005: using driver [org.postgresql.Driver] at URL [jdbc:postgresql://localhost:5432/postgres]
[2023-05-11 21:46:05,673] INFO [org.hibernate.orm.connections.pooling: 124] HHH10001001: Connection properties: {password=****, user=postgres}
[2023-05-11 21:46:05,674] INFO [org.hibernate.orm.connections.pooling: 129] HHH10001003: Autocommit mode: false
[2023-05-11 21:46:05,677] INFO [org.hibernate.engine.jdbc.connections.internal.DriverManagerConnectionProviderImpl: 274] HHH000115: Hibernate connection pool size: 20 (min=1)
[2023-05-11 21:46:05,956] INFO [org.hibernate.dialect.Dialect: 175] HHH000400: Using dialect: org.hibernate.dialect.PostgreSQL10Dialect
[2023-05-11 21:46:06,800] INFO [org.hibernate.engine.transaction.jta.platform.internal.JtaPlatformInitiator: 52] HHH000490: Using JtaPlatform implementation: [org.hibernate.engine.transaction.jta.platform.internal.NoJtaPlatform]
[2023-05-11 21:46:06,983] INFO [org.hibernate.orm.connections.pooling: 502] HHH10001008: Cleaning up connection pool [jdbc:postgresql://localhost:5432/postgres]
[2023-05-11 21:46:58,180] INFO [org.hibernate.Version: 44] HHH000412: Hibernate ORM core version 5.5.6.Final
[2023-05-11 21:46:58,761] INFO [org.hibernate.annotations.common.Version: 56] HCANN000001: Hibernate Commons Annotations {5.1.2.Final}
[2023-05-11 21:46:58,952] WARN [org.hibernate.orm.connections.pooling: 72] HHH10001002: Using Hibernate built-in connection pool (not for production use!)
[2023-05-11 21:46:58,957] INFO [org.hibernate.orm.connections.pooling: 115] HHH10001005: using driver [org.postgresql.Driver] at URL [jdbc:postgresql://localhost:5432/postgres]
[2023-05-11 21:46:58,957] INFO [org.hibernate.orm.connections.pooling: 124] HHH10001001: Connection properties: {password=****, user=postgres}
[2023-05-11 21:46:58,958] INFO [org.hibernate.orm.connections.pooling: 129] HHH10001003: Autocommit mode: false
[2023-05-11 21:46:58,960] INFO [org.hibernate.engine.jdbc.connections.internal.DriverManagerConnectionProviderImpl: 274] HHH000115: Hibernate connection pool size: 20 (min=1)
[2023-05-11 21:46:59,220] INFO [org.hibernate.dialect.Dialect: 175] HHH000400: Using dialect: org.hibernate.dialect.PostgreSQL10Dialect
[2023-05-11 21:46:59,995] INFO [org.hibernate.engine.transaction.jta.platform.internal.JtaPlatformInitiator: 52] HHH000490: Using JtaPlatform implementation: [org.hibernate.engine.transaction.jta.platform.internal.NoJtaPlatform]
[2023-05-11 21:47:00,172] INFO [org.hibernate.orm.connections.pooling: 502] HHH10001008: Cleaning up connection pool [jdbc:postgresql://localhost:5432/postgres]
